# JRE version: OpenJDK Runtime Environment Temurin-21.0.10+7 (21.0.10+7) (build 21.0.10+7-LTS)
# Java VM: OpenJDK 64-Bit Server VM Temurin-21.0.10+7 (21.0.10+7-LTS, mixed mode, sharing, tiered, compressed oops, compressed class ptrs, parallel gc, windows-amd64)
GC Precious Log:
 CardTable entry size: 512
 CPUs: 12 total, 12 available
 Memory: 11597M
 Large Page Support: Disabled
 NUMA Support: Disabled
 Compressed Oops: Enabled (32-bit)
 Alignments: Space 512K, Generation 512K, Heap 2M
 Heap Min Capacity: 100M
 Heap Initial Capacity: 100M
 Heap Max Capacity: 2G
 Pre-touch: Disabled
 Parallel Workers: 10
Heap:
 PSYoungGen      total 11776K, used 10630K [0x00000000d5580000, 0x00000000d6480000, 0x0000000100000000)
  eden space 9216K, 91% used [0x00000000d5580000,0x00000000d5db23f0,0x00000000d5e80000)
  from space 2560K, 87% used [0x00000000d5f00000,0x00000000d612f8e0,0x00000000d6180000)
  to   space 3072K, 0% used [0x00000000d6180000,0x00000000d6180000,0x00000000d6480000)
 ParOldGen       total 1281024K, used 1280802K [0x0000000080000000, 0x00000000ce300000, 0x00000000d5580000)
  object space 1281024K, 99% used [0x0000000080000000,0x00000000ce2c8ab8,0x00000000ce300000)
 Metaspace       used 78155K, committed 79872K, reserved 1179648K
  class space    used 9637K, committed 10432K, reserved 1048576K
GC Heap History (20 events):
Event: 161.044 GC heap before
{Heap before GC invocations=2933 (full 3):
 PSYoungGen      total 8192K, used 8192K [0x00000000d5580000, 0x00000000d6580000, 0x0000000100000000)
  eden space 6144K, 100% used [0x00000000d5580000,0x00000000d5b80000,0x00000000d5b80000)
  from space 2048K, 100% used [0x00000000d5d00000,0x00000000d5f00000,0x00000000d5f00000)
  to   space 5120K, 0% used [0x00000000d6080000,0x00000000d6080000,0x00000000d6580000)
 ParOldGen       total 1266688K, used 1266232K [0x0000000080000000, 0x00000000cd500000, 0x00000000d5580000)
  object space 1266688K, 99% used [0x0000000080000000,0x00000000cd48e150,0x00000000cd500000)
 Metaspace       used 78155K, committed 79872K, reserved 1179648K
  class space    used 9637K, committed 10432K, reserved 1048576K
}
Event: 161.048 GC heap after
{Heap after GC invocations=2933 (full 3):
 PSYoungGen      total 8704K, used 2080K [0x00000000d5580000, 0x00000000d6300000, 0x0000000100000000)
  eden space 6144K, 0% used [0x00000000d5580000,0x00000000d5580000,0x00000000d5b80000)
  from space 2560K, 81% used [0x00000000d6080000,0x00000000d6288000,0x00000000d6300000)
  to   space 3072K, 0% used [0x00000000d5d00000,0x00000000d5d00000,0x00000000d6000000)
 ParOldGen       total 1266688K, used 1266684K [0x0000000080000000, 0x00000000cd500000, 0x00000000d5580000)
  object space 1266688K, 99% used [0x0000000080000000,0x00000000cd4ff1c8,0x00000000cd500000)
 Metaspace       used 78155K, committed 79872K, reserved 1179648K
  class space    used 9637K, committed 10432K, reserved 1048576K
}
Event: 161.065 GC heap before
{Heap before GC invocations=2934 (full 3):
 PSYoungGen      total 8704K, used 8224K [0x00000000d5580000, 0x00000000d6300000, 0x0000000100000000)
  eden space 6144K, 100% used [0x00000000d5580000,0x00000000d5b80000,0x00000000d5b80000)
  from space 2560K, 81% used [0x00000000d6080000,0x00000000d6288000,0x00000000d6300000)
  to   space 3072K, 0% used [0x00000000d5d00000,0x00000000d5d00000,0x00000000d6000000)
 ParOldGen       total 1266688K, used 1266684K [0x0000000080000000, 0x00000000cd500000, 0x00000000d5580000)
  object space 1266688K, 99% used [0x0000000080000000,0x00000000cd4ff1c8,0x00000000cd500000)
 Metaspace       used 78155K, committed 79872K, reserved 1179648K
  class space    used 9637K, committed 10432K, reserved 1048576K
}
Event: 161.071 GC heap after
{Heap after GC invocations=2934 (full 3):
 PSYoungGen      total 10752K, used 3072K [0x00000000d5580000, 0x00000000d6900000, 0x0000000100000000)
  eden space 7680K, 0% used [0x00000000d5580000,0x00000000d5580000,0x00000000d5d00000)
  from space 3072K, 100% used [0x00000000d5d00000,0x00000000d6000000,0x00000000d6000000)
  to   space 6144K, 0% used [0x00000000d6300000,0x00000000d6300000,0x00000000d6900000)
 ParOldGen       total 1269248K, used 1268748K [0x0000000080000000, 0x00000000cd780000, 0x00000000d5580000)
  object space 1269248K, 99% used [0x0000000080000000,0x00000000cd703378,0x00000000cd780000)
 Metaspace       used 78155K, committed 79872K, reserved 1179648K
  class space    used 9637K, committed 10432K, reserved 1048576K
}
Event: 161.093 GC heap before
{Heap before GC invocations=2935 (full 3):
 PSYoungGen      total 10752K, used 10752K [0x00000000d5580000, 0x00000000d6900000, 0x0000000100000000)
  eden space 7680K, 100% used [0x00000000d5580000,0x00000000d5d00000,0x00000000d5d00000)
  from space 3072K, 100% used [0x00000000d5d00000,0x00000000d6000000,0x00000000d6000000)
  to   space 6144K, 0% used [0x00000000d6300000,0x00000000d6300000,0x00000000d6900000)
 ParOldGen       total 1269248K, used 1268748K [0x0000000080000000, 0x00000000cd780000, 0x00000000d5580000)
  object space 1269248K, 99% used [0x0000000080000000,0x00000000cd703378,0x00000000cd780000)
 Metaspace       used 78155K, committed 79872K, reserved 1179648K
  class space    used 9637K, committed 10432K, reserved 1048576K
}
Event: 161.101 GC heap after
{Heap after GC invocations=2935 (full 3):
 PSYoungGen      total 12800K, used 3168K [0x00000000d5580000, 0x00000000d6680000, 0x0000000100000000)
  eden space 9216K, 0% used [0x00000000d5580000,0x00000000d5580000,0x00000000d5e80000)
  from space 3584K, 88% used [0x00000000d6300000,0x00000000d6618000,0x00000000d6680000)
  to   space 4096K, 0% used [0x00000000d5e80000,0x00000000d5e80000,0x00000000d6280000)
 ParOldGen       total 1272320K, used 1271813K [0x0000000080000000, 0x00000000cda80000, 0x00000000d5580000)
  object space 1272320K, 99% used [0x0000000080000000,0x00000000cda01708,0x00000000cda80000)
 Metaspace       used 78155K, committed 79872K, reserved 1179648K
  class space    used 9637K, committed 10432K, reserved 1048576K
}
Event: 161.139 GC heap before
{Heap before GC invocations=2936 (full 3):
 PSYoungGen      total 12800K, used 12384K [0x00000000d5580000, 0x00000000d6680000, 0x0000000100000000)
  eden space 9216K, 100% used [0x00000000d5580000,0x00000000d5e80000,0x00000000d5e80000)
  from space 3584K, 88% used [0x00000000d6300000,0x00000000d6618000,0x00000000d6680000)
  to   space 4096K, 0% used [0x00000000d5e80000,0x00000000d5e80000,0x00000000d6280000)
 ParOldGen       total 1272320K, used 1271813K [0x0000000080000000, 0x00000000cda80000, 0x00000000d5580000)
  object space 1272320K, 99% used [0x0000000080000000,0x00000000cda01708,0x00000000cda80000)
 Metaspace       used 78155K, committed 79872K, reserved 1179648K
  class space    used 9637K, committed 10432K, reserved 1048576K
}
Event: 161.144 GC heap after
{Heap after GC invocations=2936 (full 3):
 PSYoungGen      total 11264K, used 2016K [0x00000000d5580000, 0x00000000d6380000, 0x0000000100000000)
  eden space 9216K, 0% used [0x00000000d5580000,0x00000000d5580000,0x00000000d5e80000)
  from space 2048K, 98% used [0x00000000d5e80000,0x00000000d6078000,0x00000000d6080000)
  to   space 2560K, 0% used [0x00000000d6100000,0x00000000d6100000,0x00000000d6380000)
 ParOldGen       total 1272832K, used 1272442K [0x0000000080000000, 0x00000000cdb00000, 0x00000000d5580000)
  object space 1272832K, 99% used [0x0000000080000000,0x00000000cda9e870,0x00000000cdb00000)
 Metaspace       used 78155K, committed 79872K, reserved 1179648K
  class space    used 9637K, committed 10432K, reserved 1048576K
}
Event: 161.164 GC heap before
{Heap before GC invocations=2937 (full 3):
 PSYoungGen      total 11264K, used 11232K [0x00000000d5580000, 0x00000000d6380000, 0x0000000100000000)
  eden space 9216K, 100% used [0x00000000d5580000,0x00000000d5e80000,0x00000000d5e80000)
  from space 2048K, 98% used [0x00000000d5e80000,0x00000000d6078000,0x00000000d6080000)
  to   space 2560K, 0% used [0x00000000d6100000,0x00000000d6100000,0x00000000d6380000)
 ParOldGen       total 1272832K, used 1272442K [0x0000000080000000, 0x00000000cdb00000, 0x00000000d5580000)
  object space 1272832K, 99% used [0x0000000080000000,0x00000000cda9e870,0x00000000cdb00000)
 Metaspace       used 78155K, committed 79872K, reserved 1179648K
  class space    used 9637K, committed 10432K, reserved 1048576K
}
Event: 161.168 GC heap after
{Heap after GC invocations=2937 (full 3):
 PSYoungGen      total 10240K, used 1024K [0x00000000d5580000, 0x00000000d6200000, 0x0000000100000000)
  eden space 9216K, 0% used [0x00000000d5580000,0x00000000d5580000,0x00000000d5e80000)
  from space 1024K, 100% used [0x00000000d6100000,0x00000000d6200000,0x00000000d6200000)
  to   space 1536K, 0% used [0x00000000d5f00000,0x00000000d5f00000,0x00000000d6080000)
 ParOldGen       total 1273344K, used 1273074K [0x0000000080000000, 0x00000000cdb80000, 0x00000000d5580000)
  object space 1273344K, 99% used [0x0000000080000000,0x00000000cdb3ca38,0x00000000cdb80000)
 Metaspace       used 78155K, committed 79872K, reserved 1179648K
  class space    used 9637K, committed 10432K, reserved 1048576K
}
Event: 161.193 GC heap before
{Heap before GC invocations=2938 (full 3):
 PSYoungGen      total 10240K, used 10240K [0x00000000d5580000, 0x00000000d6200000, 0x0000000100000000)
  eden space 9216K, 100% used [0x00000000d5580000,0x00000000d5e80000,0x00000000d5e80000)
  from space 1024K, 100% used [0x00000000d6100000,0x00000000d6200000,0x00000000d6200000)
  to   space 1536K, 0% used [0x00000000d5f00000,0x00000000d5f00000,0x00000000d6080000)
 ParOldGen       total 1273344K, used 1273074K [0x0000000080000000, 0x00000000cdb80000, 0x00000000d5580000)
  object space 1273344K, 99% used [0x0000000080000000,0x00000000cdb3ca38,0x00000000cdb80000)
 Metaspace       used 78155K, committed 79872K, reserved 1179648K
  class space    used 9637K, committed 10432K, reserved 1048576K
}
Event: 161.199 GC heap after
{Heap after GC invocations=2938 (full 3):
 PSYoungGen      total 10752K, used 1536K [0x00000000d5580000, 0x00000000d6a80000, 0x0000000100000000)
  eden space 9216K, 0% used [0x00000000d5580000,0x00000000d5580000,0x00000000d5e80000)
  from space 1536K, 100% used [0x00000000d5f00000,0x00000000d6080000,0x00000000d6080000)
  to   space 6144K, 0% used [0x00000000d6480000,0x00000000d6480000,0x00000000d6a80000)
 ParOldGen       total 1276928K, used 1276648K [0x0000000080000000, 0x00000000cdf00000, 0x00000000d5580000)
  object space 1276928K, 99% used [0x0000000080000000,0x00000000cdeba098,0x00000000cdf00000)
 Metaspace       used 78155K, committed 79872K, reserved 1179648K
  class space    used 9637K, committed 10432K, reserved 1048576K
}
Event: 161.220 GC heap before
{Heap before GC invocations=2939 (full 3):
 PSYoungGen      total 10752K, used 10752K [0x00000000d5580000, 0x00000000d6a80000, 0x0000000100000000)
  eden space 9216K, 100% used [0x00000000d5580000,0x00000000d5e80000,0x00000000d5e80000)
  from space 1536K, 100% used [0x00000000d5f00000,0x00000000d6080000,0x00000000d6080000)
  to   space 6144K, 0% used [0x00000000d6480000,0x00000000d6480000,0x00000000d6a80000)
 ParOldGen       total 1276928K, used 1276648K [0x0000000080000000, 0x00000000cdf00000, 0x00000000d5580000)
  object space 1276928K, 99% used [0x0000000080000000,0x00000000cdeba098,0x00000000cdf00000)
 Metaspace       used 78155K, committed 79872K, reserved 1179648K
  class space    used 9637K, committed 10432K, reserved 1048576K
}
Event: 161.227 GC heap after
{Heap after GC invocations=2939 (full 3):
 PSYoungGen      total 13824K, used 4523K [0x00000000d5580000, 0x00000000d6900000, 0x0000000100000000)
  eden space 9216K, 0% used [0x00000000d5580000,0x00000000d5580000,0x00000000d5e80000)
  from space 4608K, 98% used [0x00000000d6480000,0x00000000d68eaee8,0x00000000d6900000)
  to   space 5120K, 0% used [0x00000000d5f00000,0x00000000d5f00000,0x00000000d6400000)
 ParOldGen       total 1278464K, used 1278180K [0x0000000080000000, 0x00000000ce080000, 0x00000000d5580000)
  object space 1278464K, 99% used [0x0000000080000000,0x00000000ce0392a8,0x00000000ce080000)
 Metaspace       used 78155K, committed 79872K, reserved 1179648K
  class space    used 9637K, committed 10432K, reserved 1048576K
}
Event: 161.248 GC heap before
{Heap before GC invocations=2940 (full 3):
 PSYoungGen      total 13824K, used 13739K [0x00000000d5580000, 0x00000000d6900000, 0x0000000100000000)
  eden space 9216K, 100% used [0x00000000d5580000,0x00000000d5e80000,0x00000000d5e80000)
  from space 4608K, 98% used [0x00000000d6480000,0x00000000d68eaee8,0x00000000d6900000)
  to   space 5120K, 0% used [0x00000000d5f00000,0x00000000d5f00000,0x00000000d6400000)
 ParOldGen       total 1278464K, used 1278180K [0x0000000080000000, 0x00000000ce080000, 0x00000000d5580000)
  object space 1278464K, 99% used [0x0000000080000000,0x00000000ce0392a8,0x00000000ce080000)
 Metaspace       used 78155K, committed 79872K, reserved 1179648K
  class space    used 9637K, committed 10432K, reserved 1048576K
}
Event: 161.254 GC heap after
{Heap after GC invocations=2940 (full 3):
 PSYoungGen      total 13824K, used 4491K [0x00000000d5580000, 0x00000000d6780000, 0x0000000100000000)
  eden space 9216K, 0% used [0x00000000d5580000,0x00000000d5580000,0x00000000d5e80000)
  from space 4608K, 97% used [0x00000000d5f00000,0x00000000d6362e60,0x00000000d6380000)
  to   space 4096K, 0% used [0x00000000d6380000,0x00000000d6380000,0x00000000d6780000)
 ParOldGen       total 1278976K, used 1278724K [0x0000000080000000, 0x00000000ce100000, 0x00000000d5580000)
  object space 1278976K, 99% used [0x0000000080000000,0x00000000ce0c12a8,0x00000000ce100000)
 Metaspace       used 78155K, committed 79872K, reserved 1179648K
  class space    used 9637K, committed 10432K, reserved 1048576K
}
Event: 161.279 GC heap before
{Heap before GC invocations=2941 (full 3):
 PSYoungGen      total 13824K, used 13707K [0x00000000d5580000, 0x00000000d6780000, 0x0000000100000000)
  eden space 9216K, 100% used [0x00000000d5580000,0x00000000d5e80000,0x00000000d5e80000)
  from space 4608K, 97% used [0x00000000d5f00000,0x00000000d6362e60,0x00000000d6380000)
  to   space 4096K, 0% used [0x00000000d6380000,0x00000000d6380000,0x00000000d6780000)
 ParOldGen       total 1278976K, used 1278724K [0x0000000080000000, 0x00000000ce100000, 0x00000000d5580000)
  object space 1278976K, 99% used [0x0000000080000000,0x00000000ce0c12a8,0x00000000ce100000)
 Metaspace       used 78155K, committed 79872K, reserved 1179648K
  class space    used 9637K, committed 10432K, reserved 1048576K
}
Event: 161.284 GC heap after
{Heap after GC invocations=2941 (full 3):
 PSYoungGen      total 13312K, used 4064K [0x00000000d5580000, 0x00000000d6780000, 0x0000000100000000)
  eden space 9216K, 0% used [0x00000000d5580000,0x00000000d5580000,0x00000000d5e80000)
  from space 4096K, 99% used [0x00000000d6380000,0x00000000d6778030,0x00000000d6780000)
  to   space 4608K, 0% used [0x00000000d5e80000,0x00000000d5e80000,0x00000000d6300000)
 ParOldGen       total 1279488K, used 1279121K [0x0000000080000000, 0x00000000ce180000, 0x00000000d5580000)
  object space 1279488K, 99% used [0x0000000080000000,0x00000000ce1244a0,0x00000000ce180000)
 Metaspace       used 78155K, committed 79872K, reserved 1179648K
  class space    used 9637K, committed 10432K, reserved 1048576K
}
Event: 161.304 GC heap before
{Heap before GC invocations=2942 (full 3):
 PSYoungGen      total 13312K, used 13280K [0x00000000d5580000, 0x00000000d6780000, 0x0000000100000000)
  eden space 9216K, 100% used [0x00000000d5580000,0x00000000d5e80000,0x00000000d5e80000)
  from space 4096K, 99% used [0x00000000d6380000,0x00000000d6778030,0x00000000d6780000)
  to   space 4608K, 0% used [0x00000000d5e80000,0x00000000d5e80000,0x00000000d6300000)
 ParOldGen       total 1279488K, used 1279121K [0x0000000080000000, 0x00000000ce180000, 0x00000000d5580000)
  object space 1279488K, 99% used [0x0000000080000000,0x00000000ce1244a0,0x00000000ce180000)
 Metaspace       used 78155K, committed 79872K, reserved 1179648K
  class space    used 9637K, committed 10432K, reserved 1048576K
}
Event: 161.308 GC heap after
{Heap after GC invocations=2942 (full 3):
 PSYoungGen      total 13312K, used 3872K [0x00000000d5580000, 0x00000000d6680000, 0x0000000100000000)
  eden space 9216K, 0% used [0x00000000d5580000,0x00000000d5580000,0x00000000d5e80000)
  from space 4096K, 94% used [0x00000000d5e80000,0x00000000d6248000,0x00000000d6280000)
  to   space 4096K, 0% used [0x00000000d6280000,0x00000000d6280000,0x00000000d6680000)
 ParOldGen       total 1280000K, used 1279653K [0x0000000080000000, 0x00000000ce200000, 0x00000000d5580000)
  object space 1280000K, 99% used [0x0000000080000000,0x00000000ce1a9698,0x00000000ce200000)
 Metaspace       used 78155K, committed 79872K, reserved 1179648K
  class space    used 9637K, committed 10432K, reserved 1048576K
}

